<?xml version="1.0" encoding="UTF-8"?>
<testsuite xmlns:xsi="http://www.w3.org/2001/XMLSchema-instance" xsi:noNamespaceSchemaLocation="https://maven.apache.org/surefire/maven-surefire-plugin/xsd/surefire-test-report.xsd" version="3.0.2" name="edu.ufp.inf.sd.battleshipgame.rmi.R3GameLogicTest" time="0.3" tests="1" errors="0" skipped="0" failures="0">
  <properties>
[...]
</properties>
  <testcase name="gameLifecycle_twoPlayers_placeShips_thenStart" classname="edu.ufp.inf.sd.battleshipgame.rmi.R3GameLogicTest" time="0.249">
    <system-out><![CDATA[[Servidor] 'p1' attached to game Game-TEST
[Servidor] 'p2' attached to game Game-TEST
]]></system-out>
  </testcase>
</testsuite>